<?xml version="1.0" encoding="UTF-8"?>
<testsuite errors="0" failures="0" hostname="c-f16ee253.1325-1-64736c21.cust.bredbandsbolaget.se" name="myevolution.MathUtilsTests" tests="2" time="0.199" timestamp="2011-03-29T19:15:00">
  <properties />
  <testcase classname="myevolution.MathUtilsTests" name="test_toPositiveAngle_positive_angle" time="0.014" />
  <testcase classname="myevolution.MathUtilsTests" name="test_atan2_negative_angle" time="0.0070" />
  <system-out><![CDATA[]]></system-out>
  <system-err><![CDATA[]]></system-err>
</testsuite>
