<?xml version="1.0" encoding="UTF-8"?>
<testsuite errors="0" failures="0" hostname="c-f16ee253.1325-1-64736c21.cust.bredbandsbolaget.se" name="myevolution.MyEvolutionTests" tests="1" time="0.063" timestamp="2011-03-29T19:15:00">
  <properties />
  <testcase classname="myevolution.MyEvolutionTests" name="testSomething" time="0.0010" />
  <system-out><![CDATA[]]></system-out>
  <system-err><![CDATA[]]></system-err>
</testsuite>
