<?xml version="1.0" encoding="UTF-8"?>
<testsuite errors="0" failures="5" hostname="c-f16ee253.1325-1-64736c21.cust.bredbandsbolaget.se" name="myevolution.behaviours.RandomMoveTests" tests="6" time="0.373" timestamp="2011-03-29T19:15:02">
  <properties />
  <testcase classname="myevolution.behaviours.RandomMoveTests" name="test_randomMove_with_no_dna_match" time="0.084" />
  <testcase classname="myevolution.behaviours.RandomMoveTests" name="test_randomMove_with_perfect_dna_match" time="0.049">
    <failure message="junit.framework.AssertionFailedError: Unexpected property getter call &apos;energyLevel&apos; on &apos;Mock for Organism&apos;
  &apos;BehaviourUtils.randomNewCoords(Mock for Organism, 1)&apos;: expected at least 1, actual 0
  &apos;blocked(0, 0)&apos; on &apos;Mock for World&apos;: expected at least 1, actual 0
  &apos;collides(0, 0)&apos; on &apos;Mock for Organism&apos;: expected at least 1, actual 0
  &apos;setCenterX(ANYTHING)&apos; on &apos;Mock for Organism&apos;: expected 10, actual 0
  &apos;setCenterY(ANYTHING)&apos; on &apos;Mock for Organism&apos;: expected 10, actual 0
  &apos;Math.random()&apos;: expected 10, actual 1" type="junit.framework.AssertionFailedError">junit.framework.AssertionFailedError: Unexpected property getter call &apos;energyLevel&apos; on &apos;Mock for Organism&apos;
  &apos;BehaviourUtils.randomNewCoords(Mock for Organism, 1)&apos;: expected at least 1, actual 0
  &apos;blocked(0, 0)&apos; on &apos;Mock for World&apos;: expected at least 1, actual 0
  &apos;collides(0, 0)&apos; on &apos;Mock for Organism&apos;: expected at least 1, actual 0
  &apos;setCenterX(ANYTHING)&apos; on &apos;Mock for Organism&apos;: expected 10, actual 0
  &apos;setCenterY(ANYTHING)&apos; on &apos;Mock for Organism&apos;: expected 10, actual 0
  &apos;Math.random()&apos;: expected 10, actual 1
	at junit.framework.Assert.fail(Assert.java:47)
	at sun.reflect.NativeMethodAccessorImpl.invoke0(Native Method)
	at sun.reflect.NativeMethodAccessorImpl.invoke(NativeMethodAccessorImpl.java:39)
	at sun.reflect.DelegatingMethodAccessorImpl.invoke(DelegatingMethodAccessorImpl.java:25)
	at java.lang.reflect.Method.invoke(Method.java:597)
	at org.codehaus.groovy.reflection.CachedMethod.invoke(CachedMethod.java:88)
	at groovy.lang.MetaMethod.doMethodInvoke(MetaMethod.java:233)
	at org.codehaus.groovy.runtime.callsite.StaticMetaMethodSite$StaticMetaMethodSiteNoUnwrap.invoke(StaticMetaMethodSite.java:130)
	at org.codehaus.groovy.runtime.callsite.StaticMetaMethodSite.call(StaticMetaMethodSite.java:88)
	at org.codehaus.groovy.runtime.callsite.AbstractCallSite.call(AbstractCallSite.java:124)
	at org.gmock.internal.InternalMockController.fail(InternalMockController.groovy:163)
	at org.gmock.internal.InternalMockController$fail$0.call(Unknown Source)
	at org.codehaus.groovy.runtime.callsite.CallSiteArray.defaultCall(CallSiteArray.java:40)
	at org.codehaus.groovy.runtime.callsite.AbstractCallSite.call(AbstractCallSite.java:116)
	at org.codehaus.groovy.runtime.callsite.AbstractCallSite.call(AbstractCallSite.java:128)
	at org.gmock.internal.metaclass.MetaClassHelper.findExpectation(MetaClassHelper.groovy:25)
	at org.gmock.internal.metaclass.MetaClassHelper$findExpectation.callStatic(Unknown Source)
	at org.codehaus.groovy.runtime.callsite.CallSiteArray.defaultCallStatic(CallSiteArray.java:48)
	at org.gmock.internal.metaclass.MetaClassHelper$findExpectation.callStatic(Unknown Source)
	at org.gmock.internal.MockInternal.getMockProperty(MockInternal.groovy:115)
	at org.gmock.internal.metaclass.MockProxyMetaClass$4.call(MockProxyMetaClass.java:67)
	at sun.reflect.GeneratedMethodAccessor25.invoke(Unknown Source)
	at sun.reflect.DelegatingMethodAccessorImpl.invoke(DelegatingMethodAccessorImpl.java:25)
	at java.lang.reflect.Method.invoke(Method.java:597)
	at org.codehaus.groovy.runtime.callsite.PojoMetaMethodSite$PojoCachedMethodSiteNoUnwrapNoCoerce.invoke(PojoMetaMethodSite.java:229)
	at org.codehaus.groovy.runtime.callsite.PojoMetaMethodSite.call(PojoMetaMethodSite.java:52)
	at org.codehaus.groovy.runtime.callsite.CallSiteArray.defaultCall(CallSiteArray.java:40)
	at org.codehaus.groovy.runtime.callsite.PojoMetaMethodSite.call(PojoMetaMethodSite.java:54)
	at org.codehaus.groovy.runtime.callsite.AbstractCallSite.call(AbstractCallSite.java:120)
	at org.gmock.internal.InternalMockController.doWork(InternalMockController.groovy:196)
	at org.gmock.internal.InternalMockController.this$2$doWork(InternalMockController.groovy)
	at org.gmock.internal.InternalMockController$this$2$doWork.callCurrent(Unknown Source)
	at org.codehaus.groovy.runtime.callsite.CallSiteArray.defaultCallCurrent(CallSiteArray.java:44)
	at org.gmock.internal.InternalMockController$this$2$doWork.callCurrent(Unknown Source)
	at org.gmock.internal.InternalMockController.doInternal(InternalMockController.groovy:185)
	at org.gmock.internal.InternalMockController$doInternal.callCurrent(Unknown Source)
	at org.codehaus.groovy.runtime.callsite.CallSiteArray.defaultCallCurrent(CallSiteArray.java:44)
	at org.gmock.internal.InternalMockController$doInternal.callCurrent(Unknown Source)
	at org.gmock.internal.InternalMockController.doInternal(InternalMockController.groovy:178)
	at org.gmock.internal.metaclass.MockProxyMetaClass.getProperty(MockProxyMetaClass.java:61)
	at org.gmock.internal.metaclass.MockProxyMetaClass.getProperty(MockProxyMetaClass.java:57)
	at org.codehaus.groovy.runtime.callsite.PogoMetaClassGetPropertySite.getProperty(PogoMetaClassGetPropertySite.java:48)
	at org.codehaus.groovy.runtime.callsite.GetEffectivePogoPropertySite.callGetProperty(GetEffectivePogoPropertySite.java:44)
	at myevolution.Behaviours$__clinit__closure2.doCall(Behaviours.groovy:28)
	at sun.reflect.NativeMethodAccessorImpl.invoke0(Native Method)
	at sun.reflect.NativeMethodAccessorImpl.invoke(NativeMethodAccessorImpl.java:39)
	at sun.reflect.DelegatingMethodAccessorImpl.invoke(DelegatingMethodAccessorImpl.java:25)
	at java.lang.reflect.Method.invoke(Method.java:597)
	at org.codehaus.groovy.reflection.CachedMethod.invoke(CachedMethod.java:88)
	at groovy.lang.MetaMethod.doMethodInvoke(MetaMethod.java:233)
	at org.codehaus.groovy.runtime.metaclass.ClosureMetaClass.invokeMethod(ClosureMetaClass.java:273)
	at groovy.lang.MetaClassImpl.invokeStaticClosureProperty(MetaClassImpl.java:1349)
	at groovy.lang.MetaClassImpl.invokeStaticMethod(MetaClassImpl.java:1312)
	at org.codehaus.groovy.runtime.callsite.StaticMetaClassSite.call(StaticMetaClassSite.java:50)
	at org.codehaus.groovy.runtime.callsite.CallSiteArray.defaultCall(CallSiteArray.java:40)
	at org.codehaus.groovy.runtime.callsite.AbstractCallSite.call(AbstractCallSite.java:116)
	at org.codehaus.groovy.runtime.callsite.AbstractCallSite.call(AbstractCallSite.java:132)
	at myevolution.behaviours.RandomMoveTests$_test_randomMove_with_perfect_dna_match_closure4_closure11.doCall(RandomMoveTests.groovy:72)
	at sun.reflect.NativeMethodAccessorImpl.invoke0(Native Method)
	at sun.reflect.NativeMethodAccessorImpl.invoke(NativeMethodAccessorImpl.java:39)
	at sun.reflect.DelegatingMethodAccessorImpl.invoke(DelegatingMethodAccessorImpl.java:25)
	at java.lang.reflect.Method.invoke(Method.java:597)
	at org.codehaus.groovy.reflection.CachedMethod.invoke(CachedMethod.java:88)
	at groovy.lang.MetaMethod.doMethodInvoke(MetaMethod.java:233)
	at org.codehaus.groovy.runtime.metaclass.ClosureMetaClass.invokeMethod(ClosureMetaClass.java:273)
	at groovy.lang.MetaClassImpl.invokeMethod(MetaClassImpl.java:886)
	at groovy.lang.Closure.call(Closure.java:276)
	at groovy.lang.Closure.call(Closure.java:289)
	at org.codehaus.groovy.runtime.DefaultGroovyMethods.times(DefaultGroovyMethods.java:9247)
	at org.codehaus.groovy.runtime.dgm$624.invoke(Unknown Source)
	at org.codehaus.groovy.runtime.callsite.PojoMetaMethodSite$PojoMetaMethodSiteNoUnwrapNoCoerce.invoke(PojoMetaMethodSite.java:270)
	at org.codehaus.groovy.runtime.callsite.PojoMetaMethodSite.call(PojoMetaMethodSite.java:52)
	at org.codehaus.groovy.runtime.callsite.CallSiteArray.defaultCall(CallSiteArray.java:40)
	at org.codehaus.groovy.runtime.callsite.AbstractCallSite.call(AbstractCallSite.java:116)
	at org.codehaus.groovy.runtime.callsite.AbstractCallSite.call(AbstractCallSite.java:124)
	at myevolution.behaviours.RandomMoveTests$_test_randomMove_with_perfect_dna_match_closure4.doCall(RandomMoveTests.groovy:71)
	at sun.reflect.NativeMethodAccessorImpl.invoke0(Native Method)
	at sun.reflect.NativeMethodAccessorImpl.invoke(NativeMethodAccessorImpl.java:39)
	at sun.reflect.DelegatingMethodAccessorImpl.invoke(DelegatingMethodAccessorImpl.java:25)
	at java.lang.reflect.Method.invoke(Method.java:597)
	at org.codehaus.groovy.reflection.CachedMethod.invoke(CachedMethod.java:88)
	at groovy.lang.MetaMethod.doMethodInvoke(MetaMethod.java:233)
	at org.codehaus.groovy.runtime.metaclass.ClosureMetaClass.invokeMethod(ClosureMetaClass.java:273)
	at groovy.lang.MetaClassImpl.invokeMethod(MetaClassImpl.java:886)
	at org.codehaus.groovy.runtime.callsite.PogoMetaClassSite.callCurrent(PogoMetaClassSite.java:66)
	at org.codehaus.groovy.runtime.callsite.CallSiteArray.defaultCallCurrent(CallSiteArray.java:44)
	at org.codehaus.groovy.runtime.callsite.AbstractCallSite.callCurrent(AbstractCallSite.java:141)
	at org.codehaus.groovy.runtime.callsite.AbstractCallSite.callCurrent(AbstractCallSite.java:149)
	at myevolution.behaviours.RandomMoveTests$_test_randomMove_with_perfect_dna_match_closure4.doCall(RandomMoveTests.groovy)
	at sun.reflect.NativeMethodAccessorImpl.invoke0(Native Method)
	at sun.reflect.NativeMethodAccessorImpl.invoke(NativeMethodAccessorImpl.java:39)
	at sun.reflect.DelegatingMethodAccessorImpl.invoke(DelegatingMethodAccessorImpl.java:25)
	at java.lang.reflect.Method.invoke(Method.java:597)
	at org.codehaus.groovy.reflection.CachedMethod.invoke(CachedMethod.java:88)
	at groovy.lang.MetaMethod.doMethodInvoke(MetaMethod.java:233)
	at org.codehaus.groovy.runtime.metaclass.ClosureMetaClass.invokeMethod(ClosureMetaClass.java:273)
	at groovy.lang.MetaClassImpl.invokeMethod(MetaClassImpl.java:886)
	at org.codehaus.groovy.runtime.callsite.PogoMetaClassSite.call(PogoMetaClassSite.java:39)
	at org.codehaus.groovy.runtime.callsite.CallSiteArray.defaultCall(CallSiteArray.java:40)
	at org.codehaus.groovy.runtime.callsite.PogoMetaClassSite.call(PogoMetaClassSite.java:54)
	at org.codehaus.groovy.runtime.callsite.AbstractCallSite.call(AbstractCallSite.java:120)
	at org.gmock.internal.InternalMockController.play(InternalMockController.groovy:120)
	at org.gmock.internal.InternalMockController$play.call(Unknown Source)
	at org.codehaus.groovy.runtime.callsite.CallSiteArray.defaultCall(CallSiteArray.java:40)
	at org.gmock.internal.InternalMockController$play.call(Unknown Source)
	at org.gmock.GMockController.play(GMockController.groovy:29)
	at org.gmock.GMockController$play.call(Unknown Source)
	at org.codehaus.groovy.runtime.callsite.CallSiteArray.defaultCall(CallSiteArray.java:40)
	at org.gmock.GMockController$play.call(Unknown Source)
	at myevolution.behaviours.RandomMoveTests.play(RandomMoveTests.groovy)
	at sun.reflect.NativeMethodAccessorImpl.invoke0(Native Method)
	at sun.reflect.NativeMethodAccessorImpl.invoke(NativeMethodAccessorImpl.java:39)
	at sun.reflect.DelegatingMethodAccessorImpl.invoke(DelegatingMethodAccessorImpl.java:25)
	at java.lang.reflect.Method.invoke(Method.java:597)
	at org.codehaus.groovy.runtime.callsite.PogoMetaMethodSite$PogoCachedMethodSiteNoUnwrapNoCoerce.invoke(PogoMetaMethodSite.java:266)
	at org.codehaus.groovy.runtime.callsite.PogoMetaMethodSite.callCurrent(PogoMetaMethodSite.java:51)
	at org.codehaus.groovy.runtime.callsite.CallSiteArray.defaultCallCurrent(CallSiteArray.java:44)
	at org.codehaus.groovy.runtime.callsite.AbstractCallSite.callCurrent(AbstractCallSite.java:141)
	at org.codehaus.groovy.runtime.callsite.AbstractCallSite.callCurrent(AbstractCallSite.java:149)
	at myevolution.behaviours.RandomMoveTests.test_randomMove_with_perfect_dna_match(RandomMoveTests.groovy:70)
	at sun.reflect.NativeMethodAccessorImpl.invoke0(Native Method)
	at sun.reflect.NativeMethodAccessorImpl.invoke(NativeMethodAccessorImpl.java:39)
	at sun.reflect.DelegatingMethodAccessorImpl.invoke(DelegatingMethodAccessorImpl.java:25)
	at java.lang.reflect.Method.invoke(Method.java:597)
	at junit.framework.TestCase.runTest(TestCase.java:168)
	at junit.framework.TestCase.runBare(TestCase.java:134)
	at junit.framework.TestResult$1.protect(TestResult.java:110)
	at junit.framework.TestResult.runProtected(TestResult.java:128)
	at junit.framework.TestResult.run(TestResult.java:113)
	at junit.framework.TestCase.run(TestCase.java:124)
	at junit.framework.TestSuite.runTest(TestSuite.java:232)
	at junit.framework.TestSuite.run(TestSuite.java:227)
	at org.gradle.api.internal.tasks.testing.junit.JUnitTestClassExecuter.execute(JUnitTestClassExecuter.java:51)
	at org.gradle.api.internal.tasks.testing.junit.JUnitTestClassProcessor.processTestClass(JUnitTestClassProcessor.java:63)
	at org.gradle.api.internal.tasks.testing.SuiteTestClassProcessor.processTestClass(SuiteTestClassProcessor.java:49)
	at sun.reflect.NativeMethodAccessorImpl.invoke0(Native Method)
	at sun.reflect.NativeMethodAccessorImpl.invoke(NativeMethodAccessorImpl.java:39)
	at sun.reflect.DelegatingMethodAccessorImpl.invoke(DelegatingMethodAccessorImpl.java:25)
	at java.lang.reflect.Method.invoke(Method.java:597)
	at org.gradle.messaging.dispatch.ReflectionDispatch.dispatch(ReflectionDispatch.java:32)
	at org.gradle.messaging.dispatch.ReflectionDispatch.dispatch(ReflectionDispatch.java:23)
	at org.gradle.messaging.dispatch.ContextClassLoaderDispatch.dispatch(ContextClassLoaderDispatch.java:32)
	at org.gradle.messaging.dispatch.ProxyDispatchAdapter$DispatchingInvocationHandler.invoke(ProxyDispatchAdapter.java:75)
	at $Proxy4.processTestClass(Unknown Source)
	at org.gradle.api.internal.tasks.testing.worker.TestWorker.processTestClass(TestWorker.java:86)
	at sun.reflect.NativeMethodAccessorImpl.invoke0(Native Method)
	at sun.reflect.NativeMethodAccessorImpl.invoke(NativeMethodAccessorImpl.java:39)
	at sun.reflect.DelegatingMethodAccessorImpl.invoke(DelegatingMethodAccessorImpl.java:25)
	at java.lang.reflect.Method.invoke(Method.java:597)
	at org.gradle.messaging.dispatch.ReflectionDispatch.dispatch(ReflectionDispatch.java:32)
	at org.gradle.messaging.dispatch.ReflectionDispatch.dispatch(ReflectionDispatch.java:23)
	at org.gradle.messaging.remote.internal.MethodInvocationUnmarshallingDispatch.dispatch(MethodInvocationUnmarshallingDispatch.java:48)
	at org.gradle.messaging.dispatch.DiscardOnFailureDispatch.dispatch(DiscardOnFailureDispatch.java:31)
	at org.gradle.messaging.dispatch.AsyncDispatch.dispatchMessages(AsyncDispatch.java:131)
	at org.gradle.messaging.dispatch.AsyncDispatch.access$000(AsyncDispatch.java:35)
	at org.gradle.messaging.dispatch.AsyncDispatch$1.run(AsyncDispatch.java:71)
	at org.gradle.messaging.concurrent.DefaultExecutorFactory$StoppableExecutorImpl$1.run(DefaultExecutorFactory.java:63)
	at java.util.concurrent.ThreadPoolExecutor$Worker.runTask(ThreadPoolExecutor.java:886)
	at java.util.concurrent.ThreadPoolExecutor$Worker.run(ThreadPoolExecutor.java:908)
	at java.lang.Thread.run(Thread.java:637)
</failure>
  </testcase>
  <testcase classname="myevolution.behaviours.RandomMoveTests" name="test_randomMove_with_partial_dna_match" time="0.052">
    <failure message="junit.framework.AssertionFailedError: Unexpected property getter call &apos;energyLevel&apos; on &apos;Mock for Organism&apos;
  &apos;BehaviourUtils.randomNewCoords(Mock for Organism, 1)&apos;: expected at least 1, actual 0
  &apos;blocked(0, 0)&apos; on &apos;Mock for World&apos;: expected at least 1, actual 0
  &apos;collides(0, 0)&apos; on &apos;Mock for Organism&apos;: expected at least 1, actual 0
  &apos;setCenterX(ANYTHING)&apos; on &apos;Mock for Organism&apos;: expected 5, actual 0
  &apos;setCenterY(ANYTHING)&apos; on &apos;Mock for Organism&apos;: expected 5, actual 0
  &apos;Math.random()&apos;: expected 10, actual 1" type="junit.framework.AssertionFailedError">junit.framework.AssertionFailedError: Unexpected property getter call &apos;energyLevel&apos; on &apos;Mock for Organism&apos;
  &apos;BehaviourUtils.randomNewCoords(Mock for Organism, 1)&apos;: expected at least 1, actual 0
  &apos;blocked(0, 0)&apos; on &apos;Mock for World&apos;: expected at least 1, actual 0
  &apos;collides(0, 0)&apos; on &apos;Mock for Organism&apos;: expected at least 1, actual 0
  &apos;setCenterX(ANYTHING)&apos; on &apos;Mock for Organism&apos;: expected 5, actual 0
  &apos;setCenterY(ANYTHING)&apos; on &apos;Mock for Organism&apos;: expected 5, actual 0
  &apos;Math.random()&apos;: expected 10, actual 1
	at junit.framework.Assert.fail(Assert.java:47)
	at sun.reflect.NativeMethodAccessorImpl.invoke0(Native Method)
	at sun.reflect.NativeMethodAccessorImpl.invoke(NativeMethodAccessorImpl.java:39)
	at sun.reflect.DelegatingMethodAccessorImpl.invoke(DelegatingMethodAccessorImpl.java:25)
	at java.lang.reflect.Method.invoke(Method.java:597)
	at org.codehaus.groovy.reflection.CachedMethod.invoke(CachedMethod.java:88)
	at groovy.lang.MetaMethod.doMethodInvoke(MetaMethod.java:233)
	at org.codehaus.groovy.runtime.callsite.StaticMetaMethodSite$StaticMetaMethodSiteNoUnwrap.invoke(StaticMetaMethodSite.java:130)
	at org.codehaus.groovy.runtime.callsite.StaticMetaMethodSite.call(StaticMetaMethodSite.java:88)
	at org.codehaus.groovy.runtime.callsite.AbstractCallSite.call(AbstractCallSite.java:124)
	at org.gmock.internal.InternalMockController.fail(InternalMockController.groovy:163)
	at org.gmock.internal.InternalMockController$fail$0.call(Unknown Source)
	at org.gmock.internal.metaclass.MetaClassHelper.findExpectation(MetaClassHelper.groovy:25)
	at org.gmock.internal.metaclass.MetaClassHelper$findExpectation.callStatic(Unknown Source)
	at org.gmock.internal.MockInternal.getMockProperty(MockInternal.groovy:115)
	at org.gmock.internal.metaclass.MockProxyMetaClass$4.call(MockProxyMetaClass.java:67)
	at sun.reflect.GeneratedMethodAccessor25.invoke(Unknown Source)
	at sun.reflect.DelegatingMethodAccessorImpl.invoke(DelegatingMethodAccessorImpl.java:25)
	at java.lang.reflect.Method.invoke(Method.java:597)
	at org.codehaus.groovy.runtime.callsite.PojoMetaMethodSite$PojoCachedMethodSiteNoUnwrapNoCoerce.invoke(PojoMetaMethodSite.java:229)
	at org.codehaus.groovy.runtime.callsite.PojoMetaMethodSite.call(PojoMetaMethodSite.java:52)
	at org.codehaus.groovy.runtime.callsite.CallSiteArray.defaultCall(CallSiteArray.java:40)
	at org.codehaus.groovy.runtime.callsite.PojoMetaMethodSite.call(PojoMetaMethodSite.java:54)
	at org.codehaus.groovy.runtime.callsite.AbstractCallSite.call(AbstractCallSite.java:120)
	at org.gmock.internal.InternalMockController.doWork(InternalMockController.groovy:196)
	at org.gmock.internal.InternalMockController.this$2$doWork(InternalMockController.groovy)
	at org.gmock.internal.InternalMockController$this$2$doWork.callCurrent(Unknown Source)
	at org.codehaus.groovy.runtime.callsite.CallSiteArray.defaultCallCurrent(CallSiteArray.java:44)
	at org.gmock.internal.InternalMockController$this$2$doWork.callCurrent(Unknown Source)
	at org.gmock.internal.InternalMockController.doInternal(InternalMockController.groovy:185)
	at org.gmock.internal.InternalMockController$doInternal.callCurrent(Unknown Source)
	at org.codehaus.groovy.runtime.callsite.CallSiteArray.defaultCallCurrent(CallSiteArray.java:44)
	at org.gmock.internal.InternalMockController$doInternal.callCurrent(Unknown Source)
	at org.gmock.internal.InternalMockController.doInternal(InternalMockController.groovy:178)
	at org.gmock.internal.metaclass.MockProxyMetaClass.getProperty(MockProxyMetaClass.java:61)
	at org.gmock.internal.metaclass.MockProxyMetaClass.getProperty(MockProxyMetaClass.java:57)
	at org.codehaus.groovy.runtime.callsite.PogoMetaClassGetPropertySite.getProperty(PogoMetaClassGetPropertySite.java:48)
	at org.codehaus.groovy.runtime.callsite.AbstractCallSite.callGetProperty(AbstractCallSite.java:235)
	at myevolution.Behaviours$__clinit__closure2.doCall(Behaviours.groovy:28)
	at sun.reflect.NativeMethodAccessorImpl.invoke0(Native Method)
	at sun.reflect.NativeMethodAccessorImpl.invoke(NativeMethodAccessorImpl.java:39)
	at sun.reflect.DelegatingMethodAccessorImpl.invoke(DelegatingMethodAccessorImpl.java:25)
	at java.lang.reflect.Method.invoke(Method.java:597)
	at org.codehaus.groovy.reflection.CachedMethod.invoke(CachedMethod.java:88)
	at groovy.lang.MetaMethod.doMethodInvoke(MetaMethod.java:233)
	at org.codehaus.groovy.runtime.metaclass.ClosureMetaClass.invokeMethod(ClosureMetaClass.java:273)
	at groovy.lang.MetaClassImpl.invokeStaticClosureProperty(MetaClassImpl.java:1349)
	at groovy.lang.MetaClassImpl.invokeStaticMethod(MetaClassImpl.java:1312)
	at org.codehaus.groovy.runtime.callsite.StaticMetaClassSite.call(StaticMetaClassSite.java:50)
	at org.codehaus.groovy.runtime.callsite.CallSiteArray.defaultCall(CallSiteArray.java:40)
	at org.codehaus.groovy.runtime.callsite.AbstractCallSite.call(AbstractCallSite.java:116)
	at org.codehaus.groovy.runtime.callsite.AbstractCallSite.call(AbstractCallSite.java:132)
	at myevolution.behaviours.RandomMoveTests$_test_randomMove_with_partial_dna_match_closure6_closure12.doCall(RandomMoveTests.groovy:96)
	at sun.reflect.NativeMethodAccessorImpl.invoke0(Native Method)
	at sun.reflect.NativeMethodAccessorImpl.invoke(NativeMethodAccessorImpl.java:39)
	at sun.reflect.DelegatingMethodAccessorImpl.invoke(DelegatingMethodAccessorImpl.java:25)
	at java.lang.reflect.Method.invoke(Method.java:597)
	at org.codehaus.groovy.reflection.CachedMethod.invoke(CachedMethod.java:88)
	at groovy.lang.MetaMethod.doMethodInvoke(MetaMethod.java:233)
	at org.codehaus.groovy.runtime.metaclass.ClosureMetaClass.invokeMethod(ClosureMetaClass.java:273)
	at groovy.lang.MetaClassImpl.invokeMethod(MetaClassImpl.java:886)
	at groovy.lang.Closure.call(Closure.java:276)
	at groovy.lang.Closure.call(Closure.java:289)
	at org.codehaus.groovy.runtime.DefaultGroovyMethods.times(DefaultGroovyMethods.java:9247)
	at org.codehaus.groovy.runtime.dgm$624.invoke(Unknown Source)
	at org.codehaus.groovy.runtime.callsite.PojoMetaMethodSite$PojoMetaMethodSiteNoUnwrapNoCoerce.invoke(PojoMetaMethodSite.java:270)
	at org.codehaus.groovy.runtime.callsite.PojoMetaMethodSite.call(PojoMetaMethodSite.java:52)
	at org.codehaus.groovy.runtime.callsite.CallSiteArray.defaultCall(CallSiteArray.java:40)
	at org.codehaus.groovy.runtime.callsite.AbstractCallSite.call(AbstractCallSite.java:116)
	at org.codehaus.groovy.runtime.callsite.AbstractCallSite.call(AbstractCallSite.java:124)
	at myevolution.behaviours.RandomMoveTests$_test_randomMove_with_partial_dna_match_closure6.doCall(RandomMoveTests.groovy:95)
	at sun.reflect.NativeMethodAccessorImpl.invoke0(Native Method)
	at sun.reflect.NativeMethodAccessorImpl.invoke(NativeMethodAccessorImpl.java:39)
	at sun.reflect.DelegatingMethodAccessorImpl.invoke(DelegatingMethodAccessorImpl.java:25)
	at java.lang.reflect.Method.invoke(Method.java:597)
	at org.codehaus.groovy.reflection.CachedMethod.invoke(CachedMethod.java:88)
	at groovy.lang.MetaMethod.doMethodInvoke(MetaMethod.java:233)
	at org.codehaus.groovy.runtime.metaclass.ClosureMetaClass.invokeMethod(ClosureMetaClass.java:273)
	at groovy.lang.MetaClassImpl.invokeMethod(MetaClassImpl.java:886)
	at org.codehaus.groovy.runtime.callsite.PogoMetaClassSite.callCurrent(PogoMetaClassSite.java:66)
	at org.codehaus.groovy.runtime.callsite.CallSiteArray.defaultCallCurrent(CallSiteArray.java:44)
	at org.codehaus.groovy.runtime.callsite.AbstractCallSite.callCurrent(AbstractCallSite.java:141)
	at org.codehaus.groovy.runtime.callsite.AbstractCallSite.callCurrent(AbstractCallSite.java:149)
	at myevolution.behaviours.RandomMoveTests$_test_randomMove_with_partial_dna_match_closure6.doCall(RandomMoveTests.groovy)
	at sun.reflect.NativeMethodAccessorImpl.invoke0(Native Method)
	at sun.reflect.NativeMethodAccessorImpl.invoke(NativeMethodAccessorImpl.java:39)
	at sun.reflect.DelegatingMethodAccessorImpl.invoke(DelegatingMethodAccessorImpl.java:25)
	at java.lang.reflect.Method.invoke(Method.java:597)
	at org.codehaus.groovy.reflection.CachedMethod.invoke(CachedMethod.java:88)
	at groovy.lang.MetaMethod.doMethodInvoke(MetaMethod.java:233)
	at org.codehaus.groovy.runtime.metaclass.ClosureMetaClass.invokeMethod(ClosureMetaClass.java:273)
	at groovy.lang.MetaClassImpl.invokeMethod(MetaClassImpl.java:886)
	at org.codehaus.groovy.runtime.callsite.PogoMetaClassSite.call(PogoMetaClassSite.java:39)
	at org.codehaus.groovy.runtime.callsite.CallSiteArray.defaultCall(CallSiteArray.java:40)
	at org.codehaus.groovy.runtime.callsite.PogoMetaClassSite.call(PogoMetaClassSite.java:54)
	at org.codehaus.groovy.runtime.callsite.AbstractCallSite.call(AbstractCallSite.java:120)
	at org.gmock.internal.InternalMockController.play(InternalMockController.groovy:120)
	at org.gmock.internal.InternalMockController$play.call(Unknown Source)
	at org.codehaus.groovy.runtime.callsite.CallSiteArray.defaultCall(CallSiteArray.java:40)
	at org.gmock.internal.InternalMockController$play.call(Unknown Source)
	at org.gmock.GMockController.play(GMockController.groovy:29)
	at org.gmock.GMockController$play.call(Unknown Source)
	at org.codehaus.groovy.runtime.callsite.CallSiteArray.defaultCall(CallSiteArray.java:40)
	at org.gmock.GMockController$play.call(Unknown Source)
	at myevolution.behaviours.RandomMoveTests.play(RandomMoveTests.groovy)
	at sun.reflect.NativeMethodAccessorImpl.invoke0(Native Method)
	at sun.reflect.NativeMethodAccessorImpl.invoke(NativeMethodAccessorImpl.java:39)
	at sun.reflect.DelegatingMethodAccessorImpl.invoke(DelegatingMethodAccessorImpl.java:25)
	at java.lang.reflect.Method.invoke(Method.java:597)
	at org.codehaus.groovy.runtime.callsite.PogoMetaMethodSite$PogoCachedMethodSiteNoUnwrapNoCoerce.invoke(PogoMetaMethodSite.java:266)
	at org.codehaus.groovy.runtime.callsite.PogoMetaMethodSite.callCurrent(PogoMetaMethodSite.java:51)
	at org.codehaus.groovy.runtime.callsite.CallSiteArray.defaultCallCurrent(CallSiteArray.java:44)
	at org.codehaus.groovy.runtime.callsite.AbstractCallSite.callCurrent(AbstractCallSite.java:141)
	at org.codehaus.groovy.runtime.callsite.AbstractCallSite.callCurrent(AbstractCallSite.java:149)
	at myevolution.behaviours.RandomMoveTests.test_randomMove_with_partial_dna_match(RandomMoveTests.groovy:94)
	at sun.reflect.NativeMethodAccessorImpl.invoke0(Native Method)
	at sun.reflect.NativeMethodAccessorImpl.invoke(NativeMethodAccessorImpl.java:39)
	at sun.reflect.DelegatingMethodAccessorImpl.invoke(DelegatingMethodAccessorImpl.java:25)
	at java.lang.reflect.Method.invoke(Method.java:597)
	at junit.framework.TestCase.runTest(TestCase.java:168)
	at junit.framework.TestCase.runBare(TestCase.java:134)
	at junit.framework.TestResult$1.protect(TestResult.java:110)
	at junit.framework.TestResult.runProtected(TestResult.java:128)
	at junit.framework.TestResult.run(TestResult.java:113)
	at junit.framework.TestCase.run(TestCase.java:124)
	at junit.framework.TestSuite.runTest(TestSuite.java:232)
	at junit.framework.TestSuite.run(TestSuite.java:227)
	at org.gradle.api.internal.tasks.testing.junit.JUnitTestClassExecuter.execute(JUnitTestClassExecuter.java:51)
	at org.gradle.api.internal.tasks.testing.junit.JUnitTestClassProcessor.processTestClass(JUnitTestClassProcessor.java:63)
	at org.gradle.api.internal.tasks.testing.SuiteTestClassProcessor.processTestClass(SuiteTestClassProcessor.java:49)
	at sun.reflect.NativeMethodAccessorImpl.invoke0(Native Method)
	at sun.reflect.NativeMethodAccessorImpl.invoke(NativeMethodAccessorImpl.java:39)
	at sun.reflect.DelegatingMethodAccessorImpl.invoke(DelegatingMethodAccessorImpl.java:25)
	at java.lang.reflect.Method.invoke(Method.java:597)
	at org.gradle.messaging.dispatch.ReflectionDispatch.dispatch(ReflectionDispatch.java:32)
	at org.gradle.messaging.dispatch.ReflectionDispatch.dispatch(ReflectionDispatch.java:23)
	at org.gradle.messaging.dispatch.ContextClassLoaderDispatch.dispatch(ContextClassLoaderDispatch.java:32)
	at org.gradle.messaging.dispatch.ProxyDispatchAdapter$DispatchingInvocationHandler.invoke(ProxyDispatchAdapter.java:75)
	at $Proxy4.processTestClass(Unknown Source)
	at org.gradle.api.internal.tasks.testing.worker.TestWorker.processTestClass(TestWorker.java:86)
	at sun.reflect.NativeMethodAccessorImpl.invoke0(Native Method)
	at sun.reflect.NativeMethodAccessorImpl.invoke(NativeMethodAccessorImpl.java:39)
	at sun.reflect.DelegatingMethodAccessorImpl.invoke(DelegatingMethodAccessorImpl.java:25)
	at java.lang.reflect.Method.invoke(Method.java:597)
	at org.gradle.messaging.dispatch.ReflectionDispatch.dispatch(ReflectionDispatch.java:32)
	at org.gradle.messaging.dispatch.ReflectionDispatch.dispatch(ReflectionDispatch.java:23)
	at org.gradle.messaging.remote.internal.MethodInvocationUnmarshallingDispatch.dispatch(MethodInvocationUnmarshallingDispatch.java:48)
	at org.gradle.messaging.dispatch.DiscardOnFailureDispatch.dispatch(DiscardOnFailureDispatch.java:31)
	at org.gradle.messaging.dispatch.AsyncDispatch.dispatchMessages(AsyncDispatch.java:131)
	at org.gradle.messaging.dispatch.AsyncDispatch.access$000(AsyncDispatch.java:35)
	at org.gradle.messaging.dispatch.AsyncDispatch$1.run(AsyncDispatch.java:71)
	at org.gradle.messaging.concurrent.DefaultExecutorFactory$StoppableExecutorImpl$1.run(DefaultExecutorFactory.java:63)
	at java.util.concurrent.ThreadPoolExecutor$Worker.runTask(ThreadPoolExecutor.java:886)
	at java.util.concurrent.ThreadPoolExecutor$Worker.run(ThreadPoolExecutor.java:908)
	at java.lang.Thread.run(Thread.java:637)
</failure>
  </testcase>
  <testcase classname="myevolution.behaviours.RandomMoveTests" name="test_randomMove_not_blocked_no_collisions" time="0.031">
    <failure message="junit.framework.AssertionFailedError: Unexpected property getter call &apos;energyLevel&apos; on &apos;Mock for Organism&apos;
  &apos;BehaviourUtils.randomNewCoords(Mock for Organism, 1)&apos;: expected 1, actual 0
  &apos;blocked(0, 0)&apos; on &apos;Mock for World&apos;: expected 1, actual 0
  &apos;collides(0, 0)&apos; on &apos;Mock for Organism&apos;: expected 1, actual 0
  &apos;setCenterX(ANYTHING)&apos; on &apos;Mock for Organism&apos;: expected 1, actual 0
  &apos;setCenterY(ANYTHING)&apos; on &apos;Mock for Organism&apos;: expected 1, actual 0" type="junit.framework.AssertionFailedError">junit.framework.AssertionFailedError: Unexpected property getter call &apos;energyLevel&apos; on &apos;Mock for Organism&apos;
  &apos;BehaviourUtils.randomNewCoords(Mock for Organism, 1)&apos;: expected 1, actual 0
  &apos;blocked(0, 0)&apos; on &apos;Mock for World&apos;: expected 1, actual 0
  &apos;collides(0, 0)&apos; on &apos;Mock for Organism&apos;: expected 1, actual 0
  &apos;setCenterX(ANYTHING)&apos; on &apos;Mock for Organism&apos;: expected 1, actual 0
  &apos;setCenterY(ANYTHING)&apos; on &apos;Mock for Organism&apos;: expected 1, actual 0
	at junit.framework.Assert.fail(Assert.java:47)
	at sun.reflect.NativeMethodAccessorImpl.invoke0(Native Method)
	at sun.reflect.NativeMethodAccessorImpl.invoke(NativeMethodAccessorImpl.java:39)
	at sun.reflect.DelegatingMethodAccessorImpl.invoke(DelegatingMethodAccessorImpl.java:25)
	at java.lang.reflect.Method.invoke(Method.java:597)
	at org.codehaus.groovy.reflection.CachedMethod.invoke(CachedMethod.java:88)
	at groovy.lang.MetaMethod.doMethodInvoke(MetaMethod.java:233)
	at org.codehaus.groovy.runtime.callsite.StaticMetaMethodSite$StaticMetaMethodSiteNoUnwrap.invoke(StaticMetaMethodSite.java:130)
	at org.codehaus.groovy.runtime.callsite.StaticMetaMethodSite.call(StaticMetaMethodSite.java:88)
	at org.codehaus.groovy.runtime.callsite.AbstractCallSite.call(AbstractCallSite.java:124)
	at org.gmock.internal.InternalMockController.fail(InternalMockController.groovy:163)
	at org.gmock.internal.InternalMockController$fail$0.call(Unknown Source)
	at org.gmock.internal.metaclass.MetaClassHelper.findExpectation(MetaClassHelper.groovy:25)
	at org.gmock.internal.metaclass.MetaClassHelper$findExpectation.callStatic(Unknown Source)
	at org.gmock.internal.MockInternal.getMockProperty(MockInternal.groovy:115)
	at org.gmock.internal.metaclass.MockProxyMetaClass$4.call(MockProxyMetaClass.java:67)
	at sun.reflect.GeneratedMethodAccessor25.invoke(Unknown Source)
	at sun.reflect.DelegatingMethodAccessorImpl.invoke(DelegatingMethodAccessorImpl.java:25)
	at java.lang.reflect.Method.invoke(Method.java:597)
	at org.codehaus.groovy.runtime.callsite.PojoMetaMethodSite$PojoCachedMethodSiteNoUnwrapNoCoerce.invoke(PojoMetaMethodSite.java:229)
	at org.codehaus.groovy.runtime.callsite.PojoMetaMethodSite.call(PojoMetaMethodSite.java:52)
	at org.codehaus.groovy.runtime.callsite.CallSiteArray.defaultCall(CallSiteArray.java:40)
	at org.codehaus.groovy.runtime.callsite.PogoMetaClassSite.call(PogoMetaClassSite.java:54)
	at org.codehaus.groovy.runtime.callsite.AbstractCallSite.call(AbstractCallSite.java:120)
	at org.gmock.internal.InternalMockController.doWork(InternalMockController.groovy:196)
	at org.gmock.internal.InternalMockController.this$2$doWork(InternalMockController.groovy)
	at org.gmock.internal.InternalMockController$this$2$doWork.callCurrent(Unknown Source)
	at org.codehaus.groovy.runtime.callsite.CallSiteArray.defaultCallCurrent(CallSiteArray.java:44)
	at org.gmock.internal.InternalMockController$this$2$doWork.callCurrent(Unknown Source)
	at org.gmock.internal.InternalMockController.doInternal(InternalMockController.groovy:185)
	at org.gmock.internal.InternalMockController$doInternal.callCurrent(Unknown Source)
	at org.codehaus.groovy.runtime.callsite.CallSiteArray.defaultCallCurrent(CallSiteArray.java:44)
	at org.gmock.internal.InternalMockController$doInternal.callCurrent(Unknown Source)
	at org.gmock.internal.InternalMockController.doInternal(InternalMockController.groovy:178)
	at org.gmock.internal.metaclass.MockProxyMetaClass.getProperty(MockProxyMetaClass.java:61)
	at org.gmock.internal.metaclass.MockProxyMetaClass.getProperty(MockProxyMetaClass.java:57)
	at org.codehaus.groovy.runtime.callsite.PogoMetaClassGetPropertySite.getProperty(PogoMetaClassGetPropertySite.java:48)
	at org.codehaus.groovy.runtime.callsite.AbstractCallSite.callGetProperty(AbstractCallSite.java:235)
	at myevolution.Behaviours$__clinit__closure2.doCall(Behaviours.groovy:28)
	at sun.reflect.NativeMethodAccessorImpl.invoke0(Native Method)
	at sun.reflect.NativeMethodAccessorImpl.invoke(NativeMethodAccessorImpl.java:39)
	at sun.reflect.DelegatingMethodAccessorImpl.invoke(DelegatingMethodAccessorImpl.java:25)
	at java.lang.reflect.Method.invoke(Method.java:597)
	at org.codehaus.groovy.reflection.CachedMethod.invoke(CachedMethod.java:88)
	at groovy.lang.MetaMethod.doMethodInvoke(MetaMethod.java:233)
	at org.codehaus.groovy.runtime.metaclass.ClosureMetaClass.invokeMethod(ClosureMetaClass.java:273)
	at groovy.lang.MetaClassImpl.invokeStaticClosureProperty(MetaClassImpl.java:1349)
	at groovy.lang.MetaClassImpl.invokeStaticMethod(MetaClassImpl.java:1312)
	at org.codehaus.groovy.runtime.callsite.StaticMetaClassSite.call(StaticMetaClassSite.java:50)
	at org.codehaus.groovy.runtime.callsite.CallSiteArray.defaultCall(CallSiteArray.java:40)
	at org.codehaus.groovy.runtime.callsite.AbstractCallSite.call(AbstractCallSite.java:116)
	at org.codehaus.groovy.runtime.callsite.AbstractCallSite.call(AbstractCallSite.java:132)
	at myevolution.behaviours.RandomMoveTests$_test_randomMove_not_blocked_no_collisions_closure7.doCall(RandomMoveTests.groovy:112)
	at sun.reflect.NativeMethodAccessorImpl.invoke0(Native Method)
	at sun.reflect.NativeMethodAccessorImpl.invoke(NativeMethodAccessorImpl.java:39)
	at sun.reflect.DelegatingMethodAccessorImpl.invoke(DelegatingMethodAccessorImpl.java:25)
	at java.lang.reflect.Method.invoke(Method.java:597)
	at org.codehaus.groovy.reflection.CachedMethod.invoke(CachedMethod.java:88)
	at groovy.lang.MetaMethod.doMethodInvoke(MetaMethod.java:233)
	at org.codehaus.groovy.runtime.metaclass.ClosureMetaClass.invokeMethod(ClosureMetaClass.java:273)
	at groovy.lang.MetaClassImpl.invokeMethod(MetaClassImpl.java:886)
	at org.codehaus.groovy.runtime.callsite.PogoMetaClassSite.callCurrent(PogoMetaClassSite.java:66)
	at org.codehaus.groovy.runtime.callsite.CallSiteArray.defaultCallCurrent(CallSiteArray.java:44)
	at org.codehaus.groovy.runtime.callsite.AbstractCallSite.callCurrent(AbstractCallSite.java:141)
	at org.codehaus.groovy.runtime.callsite.AbstractCallSite.callCurrent(AbstractCallSite.java:149)
	at myevolution.behaviours.RandomMoveTests$_test_randomMove_not_blocked_no_collisions_closure7.doCall(RandomMoveTests.groovy)
	at sun.reflect.NativeMethodAccessorImpl.invoke0(Native Method)
	at sun.reflect.NativeMethodAccessorImpl.invoke(NativeMethodAccessorImpl.java:39)
	at sun.reflect.DelegatingMethodAccessorImpl.invoke(DelegatingMethodAccessorImpl.java:25)
	at java.lang.reflect.Method.invoke(Method.java:597)
	at org.codehaus.groovy.reflection.CachedMethod.invoke(CachedMethod.java:88)
	at groovy.lang.MetaMethod.doMethodInvoke(MetaMethod.java:233)
	at org.codehaus.groovy.runtime.metaclass.ClosureMetaClass.invokeMethod(ClosureMetaClass.java:273)
	at groovy.lang.MetaClassImpl.invokeMethod(MetaClassImpl.java:886)
	at org.codehaus.groovy.runtime.callsite.PogoMetaClassSite.call(PogoMetaClassSite.java:39)
	at org.codehaus.groovy.runtime.callsite.CallSiteArray.defaultCall(CallSiteArray.java:40)
	at org.codehaus.groovy.runtime.callsite.PogoMetaClassSite.call(PogoMetaClassSite.java:54)
	at org.codehaus.groovy.runtime.callsite.AbstractCallSite.call(AbstractCallSite.java:120)
	at org.gmock.internal.InternalMockController.play(InternalMockController.groovy:120)
	at org.gmock.internal.InternalMockController$play.call(Unknown Source)
	at org.codehaus.groovy.runtime.callsite.CallSiteArray.defaultCall(CallSiteArray.java:40)
	at org.gmock.internal.InternalMockController$play.call(Unknown Source)
	at org.gmock.GMockController.play(GMockController.groovy:29)
	at org.gmock.GMockController$play.call(Unknown Source)
	at org.codehaus.groovy.runtime.callsite.CallSiteArray.defaultCall(CallSiteArray.java:40)
	at org.gmock.GMockController$play.call(Unknown Source)
	at myevolution.behaviours.RandomMoveTests.play(RandomMoveTests.groovy)
	at sun.reflect.NativeMethodAccessorImpl.invoke0(Native Method)
	at sun.reflect.NativeMethodAccessorImpl.invoke(NativeMethodAccessorImpl.java:39)
	at sun.reflect.DelegatingMethodAccessorImpl.invoke(DelegatingMethodAccessorImpl.java:25)
	at java.lang.reflect.Method.invoke(Method.java:597)
	at org.codehaus.groovy.runtime.callsite.PogoMetaMethodSite$PogoCachedMethodSiteNoUnwrapNoCoerce.invoke(PogoMetaMethodSite.java:266)
	at org.codehaus.groovy.runtime.callsite.PogoMetaMethodSite.callCurrent(PogoMetaMethodSite.java:51)
	at org.codehaus.groovy.runtime.callsite.CallSiteArray.defaultCallCurrent(CallSiteArray.java:44)
	at org.codehaus.groovy.runtime.callsite.AbstractCallSite.callCurrent(AbstractCallSite.java:141)
	at org.codehaus.groovy.runtime.callsite.AbstractCallSite.callCurrent(AbstractCallSite.java:149)
	at myevolution.behaviours.RandomMoveTests.test_randomMove_not_blocked_no_collisions(RandomMoveTests.groovy:111)
	at sun.reflect.NativeMethodAccessorImpl.invoke0(Native Method)
	at sun.reflect.NativeMethodAccessorImpl.invoke(NativeMethodAccessorImpl.java:39)
	at sun.reflect.DelegatingMethodAccessorImpl.invoke(DelegatingMethodAccessorImpl.java:25)
	at java.lang.reflect.Method.invoke(Method.java:597)
	at junit.framework.TestCase.runTest(TestCase.java:168)
	at junit.framework.TestCase.runBare(TestCase.java:134)
	at junit.framework.TestResult$1.protect(TestResult.java:110)
	at junit.framework.TestResult.runProtected(TestResult.java:128)
	at junit.framework.TestResult.run(TestResult.java:113)
	at junit.framework.TestCase.run(TestCase.java:124)
	at junit.framework.TestSuite.runTest(TestSuite.java:232)
	at junit.framework.TestSuite.run(TestSuite.java:227)
	at org.gradle.api.internal.tasks.testing.junit.JUnitTestClassExecuter.execute(JUnitTestClassExecuter.java:51)
	at org.gradle.api.internal.tasks.testing.junit.JUnitTestClassProcessor.processTestClass(JUnitTestClassProcessor.java:63)
	at org.gradle.api.internal.tasks.testing.SuiteTestClassProcessor.processTestClass(SuiteTestClassProcessor.java:49)
	at sun.reflect.NativeMethodAccessorImpl.invoke0(Native Method)
	at sun.reflect.NativeMethodAccessorImpl.invoke(NativeMethodAccessorImpl.java:39)
	at sun.reflect.DelegatingMethodAccessorImpl.invoke(DelegatingMethodAccessorImpl.java:25)
	at java.lang.reflect.Method.invoke(Method.java:597)
	at org.gradle.messaging.dispatch.ReflectionDispatch.dispatch(ReflectionDispatch.java:32)
	at org.gradle.messaging.dispatch.ReflectionDispatch.dispatch(ReflectionDispatch.java:23)
	at org.gradle.messaging.dispatch.ContextClassLoaderDispatch.dispatch(ContextClassLoaderDispatch.java:32)
	at org.gradle.messaging.dispatch.ProxyDispatchAdapter$DispatchingInvocationHandler.invoke(ProxyDispatchAdapter.java:75)
	at $Proxy4.processTestClass(Unknown Source)
	at org.gradle.api.internal.tasks.testing.worker.TestWorker.processTestClass(TestWorker.java:86)
	at sun.reflect.NativeMethodAccessorImpl.invoke0(Native Method)
	at sun.reflect.NativeMethodAccessorImpl.invoke(NativeMethodAccessorImpl.java:39)
	at sun.reflect.DelegatingMethodAccessorImpl.invoke(DelegatingMethodAccessorImpl.java:25)
	at java.lang.reflect.Method.invoke(Method.java:597)
	at org.gradle.messaging.dispatch.ReflectionDispatch.dispatch(ReflectionDispatch.java:32)
	at org.gradle.messaging.dispatch.ReflectionDispatch.dispatch(ReflectionDispatch.java:23)
	at org.gradle.messaging.remote.internal.MethodInvocationUnmarshallingDispatch.dispatch(MethodInvocationUnmarshallingDispatch.java:48)
	at org.gradle.messaging.dispatch.DiscardOnFailureDispatch.dispatch(DiscardOnFailureDispatch.java:31)
	at org.gradle.messaging.dispatch.AsyncDispatch.dispatchMessages(AsyncDispatch.java:131)
	at org.gradle.messaging.dispatch.AsyncDispatch.access$000(AsyncDispatch.java:35)
	at org.gradle.messaging.dispatch.AsyncDispatch$1.run(AsyncDispatch.java:71)
	at org.gradle.messaging.concurrent.DefaultExecutorFactory$StoppableExecutorImpl$1.run(DefaultExecutorFactory.java:63)
	at java.util.concurrent.ThreadPoolExecutor$Worker.runTask(ThreadPoolExecutor.java:886)
	at java.util.concurrent.ThreadPoolExecutor$Worker.run(ThreadPoolExecutor.java:908)
	at java.lang.Thread.run(Thread.java:637)
</failure>
  </testcase>
  <testcase classname="myevolution.behaviours.RandomMoveTests" name="test_randomMove_blocked_no_collisions" time="0.047">
    <failure message="junit.framework.AssertionFailedError: Unexpected property getter call &apos;energyLevel&apos; on &apos;Mock for Organism&apos;
  &apos;BehaviourUtils.randomNewCoords(Mock for Organism, 1)&apos;: expected 1, actual 0
  &apos;blocked(0, 0)&apos; on &apos;Mock for World&apos;: expected 1, actual 0
  &apos;collides(0, 0)&apos; on &apos;Mock for Organism&apos;: expected 1, actual 0
  &apos;setCenterX(ANYTHING)&apos; on &apos;Mock for Organism&apos;: expected never, actual 0
  &apos;setCenterY(ANYTHING)&apos; on &apos;Mock for Organism&apos;: expected never, actual 0" type="junit.framework.AssertionFailedError">junit.framework.AssertionFailedError: Unexpected property getter call &apos;energyLevel&apos; on &apos;Mock for Organism&apos;
  &apos;BehaviourUtils.randomNewCoords(Mock for Organism, 1)&apos;: expected 1, actual 0
  &apos;blocked(0, 0)&apos; on &apos;Mock for World&apos;: expected 1, actual 0
  &apos;collides(0, 0)&apos; on &apos;Mock for Organism&apos;: expected 1, actual 0
  &apos;setCenterX(ANYTHING)&apos; on &apos;Mock for Organism&apos;: expected never, actual 0
  &apos;setCenterY(ANYTHING)&apos; on &apos;Mock for Organism&apos;: expected never, actual 0
	at junit.framework.Assert.fail(Assert.java:47)
	at sun.reflect.NativeMethodAccessorImpl.invoke0(Native Method)
	at sun.reflect.NativeMethodAccessorImpl.invoke(NativeMethodAccessorImpl.java:39)
	at sun.reflect.DelegatingMethodAccessorImpl.invoke(DelegatingMethodAccessorImpl.java:25)
	at java.lang.reflect.Method.invoke(Method.java:597)
	at org.codehaus.groovy.reflection.CachedMethod.invoke(CachedMethod.java:88)
	at groovy.lang.MetaMethod.doMethodInvoke(MetaMethod.java:233)
	at org.codehaus.groovy.runtime.callsite.StaticMetaMethodSite$StaticMetaMethodSiteNoUnwrap.invoke(StaticMetaMethodSite.java:130)
	at org.codehaus.groovy.runtime.callsite.StaticMetaMethodSite.call(StaticMetaMethodSite.java:88)
	at org.codehaus.groovy.runtime.callsite.AbstractCallSite.call(AbstractCallSite.java:124)
	at org.gmock.internal.InternalMockController.fail(InternalMockController.groovy:163)
	at org.gmock.internal.InternalMockController$fail$0.call(Unknown Source)
	at org.gmock.internal.metaclass.MetaClassHelper.findExpectation(MetaClassHelper.groovy:25)
	at org.gmock.internal.metaclass.MetaClassHelper$findExpectation.callStatic(Unknown Source)
	at org.gmock.internal.MockInternal.getMockProperty(MockInternal.groovy:115)
	at org.gmock.internal.metaclass.MockProxyMetaClass$4.call(MockProxyMetaClass.java:67)
	at sun.reflect.GeneratedMethodAccessor25.invoke(Unknown Source)
	at sun.reflect.DelegatingMethodAccessorImpl.invoke(DelegatingMethodAccessorImpl.java:25)
	at java.lang.reflect.Method.invoke(Method.java:597)
	at org.codehaus.groovy.runtime.callsite.PojoMetaMethodSite$PojoCachedMethodSiteNoUnwrapNoCoerce.invoke(PojoMetaMethodSite.java:229)
	at org.codehaus.groovy.runtime.callsite.PojoMetaMethodSite.call(PojoMetaMethodSite.java:52)
	at org.codehaus.groovy.runtime.callsite.CallSiteArray.defaultCall(CallSiteArray.java:40)
	at org.codehaus.groovy.runtime.callsite.PogoMetaClassSite.call(PogoMetaClassSite.java:54)
	at org.codehaus.groovy.runtime.callsite.AbstractCallSite.call(AbstractCallSite.java:120)
	at org.gmock.internal.InternalMockController.doWork(InternalMockController.groovy:196)
	at org.gmock.internal.InternalMockController.this$2$doWork(InternalMockController.groovy)
	at org.gmock.internal.InternalMockController$this$2$doWork.callCurrent(Unknown Source)
	at org.codehaus.groovy.runtime.callsite.CallSiteArray.defaultCallCurrent(CallSiteArray.java:44)
	at org.gmock.internal.InternalMockController$this$2$doWork.callCurrent(Unknown Source)
	at org.gmock.internal.InternalMockController.doInternal(InternalMockController.groovy:185)
	at org.gmock.internal.InternalMockController$doInternal.callCurrent(Unknown Source)
	at org.codehaus.groovy.runtime.callsite.CallSiteArray.defaultCallCurrent(CallSiteArray.java:44)
	at org.gmock.internal.InternalMockController$doInternal.callCurrent(Unknown Source)
	at org.gmock.internal.InternalMockController.doInternal(InternalMockController.groovy:178)
	at org.gmock.internal.metaclass.MockProxyMetaClass.getProperty(MockProxyMetaClass.java:61)
	at org.gmock.internal.metaclass.MockProxyMetaClass.getProperty(MockProxyMetaClass.java:57)
	at org.codehaus.groovy.runtime.callsite.PogoMetaClassGetPropertySite.getProperty(PogoMetaClassGetPropertySite.java:48)
	at org.codehaus.groovy.runtime.callsite.AbstractCallSite.callGetProperty(AbstractCallSite.java:235)
	at myevolution.Behaviours$__clinit__closure2.doCall(Behaviours.groovy:28)
	at sun.reflect.NativeMethodAccessorImpl.invoke0(Native Method)
	at sun.reflect.NativeMethodAccessorImpl.invoke(NativeMethodAccessorImpl.java:39)
	at sun.reflect.DelegatingMethodAccessorImpl.invoke(DelegatingMethodAccessorImpl.java:25)
	at java.lang.reflect.Method.invoke(Method.java:597)
	at org.codehaus.groovy.reflection.CachedMethod.invoke(CachedMethod.java:88)
	at groovy.lang.MetaMethod.doMethodInvoke(MetaMethod.java:233)
	at org.codehaus.groovy.runtime.metaclass.ClosureMetaClass.invokeMethod(ClosureMetaClass.java:273)
	at groovy.lang.MetaClassImpl.invokeStaticClosureProperty(MetaClassImpl.java:1349)
	at groovy.lang.MetaClassImpl.invokeStaticMethod(MetaClassImpl.java:1312)
	at org.codehaus.groovy.runtime.callsite.StaticMetaClassSite.call(StaticMetaClassSite.java:50)
	at org.codehaus.groovy.runtime.callsite.CallSiteArray.defaultCall(CallSiteArray.java:40)
	at org.codehaus.groovy.runtime.callsite.AbstractCallSite.call(AbstractCallSite.java:116)
	at org.codehaus.groovy.runtime.callsite.AbstractCallSite.call(AbstractCallSite.java:132)
	at myevolution.behaviours.RandomMoveTests$_test_randomMove_blocked_no_collisions_closure8.doCall(RandomMoveTests.groovy:127)
	at sun.reflect.NativeMethodAccessorImpl.invoke0(Native Method)
	at sun.reflect.NativeMethodAccessorImpl.invoke(NativeMethodAccessorImpl.java:39)
	at sun.reflect.DelegatingMethodAccessorImpl.invoke(DelegatingMethodAccessorImpl.java:25)
	at java.lang.reflect.Method.invoke(Method.java:597)
	at org.codehaus.groovy.reflection.CachedMethod.invoke(CachedMethod.java:88)
	at groovy.lang.MetaMethod.doMethodInvoke(MetaMethod.java:233)
	at org.codehaus.groovy.runtime.metaclass.ClosureMetaClass.invokeMethod(ClosureMetaClass.java:273)
	at groovy.lang.MetaClassImpl.invokeMethod(MetaClassImpl.java:886)
	at org.codehaus.groovy.runtime.callsite.PogoMetaClassSite.callCurrent(PogoMetaClassSite.java:66)
	at org.codehaus.groovy.runtime.callsite.CallSiteArray.defaultCallCurrent(CallSiteArray.java:44)
	at org.codehaus.groovy.runtime.callsite.AbstractCallSite.callCurrent(AbstractCallSite.java:141)
	at org.codehaus.groovy.runtime.callsite.AbstractCallSite.callCurrent(AbstractCallSite.java:149)
	at myevolution.behaviours.RandomMoveTests$_test_randomMove_blocked_no_collisions_closure8.doCall(RandomMoveTests.groovy)
	at sun.reflect.NativeMethodAccessorImpl.invoke0(Native Method)
	at sun.reflect.NativeMethodAccessorImpl.invoke(NativeMethodAccessorImpl.java:39)
	at sun.reflect.DelegatingMethodAccessorImpl.invoke(DelegatingMethodAccessorImpl.java:25)
	at java.lang.reflect.Method.invoke(Method.java:597)
	at org.codehaus.groovy.reflection.CachedMethod.invoke(CachedMethod.java:88)
	at groovy.lang.MetaMethod.doMethodInvoke(MetaMethod.java:233)
	at org.codehaus.groovy.runtime.metaclass.ClosureMetaClass.invokeMethod(ClosureMetaClass.java:273)
	at groovy.lang.MetaClassImpl.invokeMethod(MetaClassImpl.java:886)
	at org.codehaus.groovy.runtime.callsite.PogoMetaClassSite.call(PogoMetaClassSite.java:39)
	at org.codehaus.groovy.runtime.callsite.CallSiteArray.defaultCall(CallSiteArray.java:40)
	at org.codehaus.groovy.runtime.callsite.PogoMetaClassSite.call(PogoMetaClassSite.java:54)
	at org.codehaus.groovy.runtime.callsite.AbstractCallSite.call(AbstractCallSite.java:120)
	at org.gmock.internal.InternalMockController.play(InternalMockController.groovy:120)
	at org.gmock.internal.InternalMockController$play.call(Unknown Source)
	at org.codehaus.groovy.runtime.callsite.CallSiteArray.defaultCall(CallSiteArray.java:40)
	at org.gmock.internal.InternalMockController$play.call(Unknown Source)
	at org.gmock.GMockController.play(GMockController.groovy:29)
	at org.gmock.GMockController$play.call(Unknown Source)
	at org.codehaus.groovy.runtime.callsite.CallSiteArray.defaultCall(CallSiteArray.java:40)
	at org.gmock.GMockController$play.call(Unknown Source)
	at myevolution.behaviours.RandomMoveTests.play(RandomMoveTests.groovy)
	at sun.reflect.NativeMethodAccessorImpl.invoke0(Native Method)
	at sun.reflect.NativeMethodAccessorImpl.invoke(NativeMethodAccessorImpl.java:39)
	at sun.reflect.DelegatingMethodAccessorImpl.invoke(DelegatingMethodAccessorImpl.java:25)
	at java.lang.reflect.Method.invoke(Method.java:597)
	at org.codehaus.groovy.runtime.callsite.PogoMetaMethodSite$PogoCachedMethodSiteNoUnwrapNoCoerce.invoke(PogoMetaMethodSite.java:266)
	at org.codehaus.groovy.runtime.callsite.PogoMetaMethodSite.callCurrent(PogoMetaMethodSite.java:51)
	at org.codehaus.groovy.runtime.callsite.CallSiteArray.defaultCallCurrent(CallSiteArray.java:44)
	at org.codehaus.groovy.runtime.callsite.AbstractCallSite.callCurrent(AbstractCallSite.java:141)
	at org.codehaus.groovy.runtime.callsite.AbstractCallSite.callCurrent(AbstractCallSite.java:149)
	at myevolution.behaviours.RandomMoveTests.test_randomMove_blocked_no_collisions(RandomMoveTests.groovy:126)
	at sun.reflect.NativeMethodAccessorImpl.invoke0(Native Method)
	at sun.reflect.NativeMethodAccessorImpl.invoke(NativeMethodAccessorImpl.java:39)
	at sun.reflect.DelegatingMethodAccessorImpl.invoke(DelegatingMethodAccessorImpl.java:25)
	at java.lang.reflect.Method.invoke(Method.java:597)
	at junit.framework.TestCase.runTest(TestCase.java:168)
	at junit.framework.TestCase.runBare(TestCase.java:134)
	at junit.framework.TestResult$1.protect(TestResult.java:110)
	at junit.framework.TestResult.runProtected(TestResult.java:128)
	at junit.framework.TestResult.run(TestResult.java:113)
	at junit.framework.TestCase.run(TestCase.java:124)
	at junit.framework.TestSuite.runTest(TestSuite.java:232)
	at junit.framework.TestSuite.run(TestSuite.java:227)
	at org.gradle.api.internal.tasks.testing.junit.JUnitTestClassExecuter.execute(JUnitTestClassExecuter.java:51)
	at org.gradle.api.internal.tasks.testing.junit.JUnitTestClassProcessor.processTestClass(JUnitTestClassProcessor.java:63)
	at org.gradle.api.internal.tasks.testing.SuiteTestClassProcessor.processTestClass(SuiteTestClassProcessor.java:49)
	at sun.reflect.NativeMethodAccessorImpl.invoke0(Native Method)
	at sun.reflect.NativeMethodAccessorImpl.invoke(NativeMethodAccessorImpl.java:39)
	at sun.reflect.DelegatingMethodAccessorImpl.invoke(DelegatingMethodAccessorImpl.java:25)
	at java.lang.reflect.Method.invoke(Method.java:597)
	at org.gradle.messaging.dispatch.ReflectionDispatch.dispatch(ReflectionDispatch.java:32)
	at org.gradle.messaging.dispatch.ReflectionDispatch.dispatch(ReflectionDispatch.java:23)
	at org.gradle.messaging.dispatch.ContextClassLoaderDispatch.dispatch(ContextClassLoaderDispatch.java:32)
	at org.gradle.messaging.dispatch.ProxyDispatchAdapter$DispatchingInvocationHandler.invoke(ProxyDispatchAdapter.java:75)
	at $Proxy4.processTestClass(Unknown Source)
	at org.gradle.api.internal.tasks.testing.worker.TestWorker.processTestClass(TestWorker.java:86)
	at sun.reflect.NativeMethodAccessorImpl.invoke0(Native Method)
	at sun.reflect.NativeMethodAccessorImpl.invoke(NativeMethodAccessorImpl.java:39)
	at sun.reflect.DelegatingMethodAccessorImpl.invoke(DelegatingMethodAccessorImpl.java:25)
	at java.lang.reflect.Method.invoke(Method.java:597)
	at org.gradle.messaging.dispatch.ReflectionDispatch.dispatch(ReflectionDispatch.java:32)
	at org.gradle.messaging.dispatch.ReflectionDispatch.dispatch(ReflectionDispatch.java:23)
	at org.gradle.messaging.remote.internal.MethodInvocationUnmarshallingDispatch.dispatch(MethodInvocationUnmarshallingDispatch.java:48)
	at org.gradle.messaging.dispatch.DiscardOnFailureDispatch.dispatch(DiscardOnFailureDispatch.java:31)
	at org.gradle.messaging.dispatch.AsyncDispatch.dispatchMessages(AsyncDispatch.java:131)
	at org.gradle.messaging.dispatch.AsyncDispatch.access$000(AsyncDispatch.java:35)
	at org.gradle.messaging.dispatch.AsyncDispatch$1.run(AsyncDispatch.java:71)
	at org.gradle.messaging.concurrent.DefaultExecutorFactory$StoppableExecutorImpl$1.run(DefaultExecutorFactory.java:63)
	at java.util.concurrent.ThreadPoolExecutor$Worker.runTask(ThreadPoolExecutor.java:886)
	at java.util.concurrent.ThreadPoolExecutor$Worker.run(ThreadPoolExecutor.java:908)
	at java.lang.Thread.run(Thread.java:637)
</failure>
  </testcase>
  <testcase classname="myevolution.behaviours.RandomMoveTests" name="test_randomMove_blocked_collisions" time="0.06">
    <failure message="junit.framework.AssertionFailedError: Unexpected property getter call &apos;energyLevel&apos; on &apos;Mock for Organism (1)&apos;
  &apos;BehaviourUtils.randomNewCoords(Mock for Organism (1), 1)&apos;: expected 1, actual 0
  &apos;blocked(0, 0)&apos; on &apos;Mock for World&apos;: expected 1, actual 0
  &apos;collides(0, 0)&apos; on &apos;Mock for Organism (1)&apos;: expected 1, actual 0
  &apos;setCenterX(ANYTHING)&apos; on &apos;Mock for Organism (1)&apos;: expected never, actual 0
  &apos;setCenterY(ANYTHING)&apos; on &apos;Mock for Organism (1)&apos;: expected never, actual 0" type="junit.framework.AssertionFailedError">junit.framework.AssertionFailedError: Unexpected property getter call &apos;energyLevel&apos; on &apos;Mock for Organism (1)&apos;
  &apos;BehaviourUtils.randomNewCoords(Mock for Organism (1), 1)&apos;: expected 1, actual 0
  &apos;blocked(0, 0)&apos; on &apos;Mock for World&apos;: expected 1, actual 0
  &apos;collides(0, 0)&apos; on &apos;Mock for Organism (1)&apos;: expected 1, actual 0
  &apos;setCenterX(ANYTHING)&apos; on &apos;Mock for Organism (1)&apos;: expected never, actual 0
  &apos;setCenterY(ANYTHING)&apos; on &apos;Mock for Organism (1)&apos;: expected never, actual 0
	at junit.framework.Assert.fail(Assert.java:47)
	at sun.reflect.NativeMethodAccessorImpl.invoke0(Native Method)
	at sun.reflect.NativeMethodAccessorImpl.invoke(NativeMethodAccessorImpl.java:39)
	at sun.reflect.DelegatingMethodAccessorImpl.invoke(DelegatingMethodAccessorImpl.java:25)
	at java.lang.reflect.Method.invoke(Method.java:597)
	at org.codehaus.groovy.reflection.CachedMethod.invoke(CachedMethod.java:88)
	at groovy.lang.MetaMethod.doMethodInvoke(MetaMethod.java:233)
	at org.codehaus.groovy.runtime.callsite.StaticMetaMethodSite$StaticMetaMethodSiteNoUnwrap.invoke(StaticMetaMethodSite.java:130)
	at org.codehaus.groovy.runtime.callsite.StaticMetaMethodSite.call(StaticMetaMethodSite.java:88)
	at org.codehaus.groovy.runtime.callsite.AbstractCallSite.call(AbstractCallSite.java:124)
	at org.gmock.internal.InternalMockController.fail(InternalMockController.groovy:163)
	at org.gmock.internal.InternalMockController$fail$0.call(Unknown Source)
	at org.gmock.internal.metaclass.MetaClassHelper.findExpectation(MetaClassHelper.groovy:25)
	at org.gmock.internal.metaclass.MetaClassHelper$findExpectation.callStatic(Unknown Source)
	at org.gmock.internal.MockInternal.getMockProperty(MockInternal.groovy:115)
	at org.gmock.internal.metaclass.MockProxyMetaClass$4.call(MockProxyMetaClass.java:67)
	at sun.reflect.GeneratedMethodAccessor25.invoke(Unknown Source)
	at sun.reflect.DelegatingMethodAccessorImpl.invoke(DelegatingMethodAccessorImpl.java:25)
	at java.lang.reflect.Method.invoke(Method.java:597)
	at org.codehaus.groovy.runtime.callsite.PojoMetaMethodSite$PojoCachedMethodSiteNoUnwrapNoCoerce.invoke(PojoMetaMethodSite.java:229)
	at org.codehaus.groovy.runtime.callsite.PojoMetaMethodSite.call(PojoMetaMethodSite.java:52)
	at org.codehaus.groovy.runtime.callsite.CallSiteArray.defaultCall(CallSiteArray.java:40)
	at org.codehaus.groovy.runtime.callsite.PogoMetaClassSite.call(PogoMetaClassSite.java:54)
	at org.codehaus.groovy.runtime.callsite.AbstractCallSite.call(AbstractCallSite.java:120)
	at org.gmock.internal.InternalMockController.doWork(InternalMockController.groovy:196)
	at org.gmock.internal.InternalMockController.this$2$doWork(InternalMockController.groovy)
	at org.gmock.internal.InternalMockController$this$2$doWork.callCurrent(Unknown Source)
	at org.codehaus.groovy.runtime.callsite.CallSiteArray.defaultCallCurrent(CallSiteArray.java:44)
	at org.gmock.internal.InternalMockController$this$2$doWork.callCurrent(Unknown Source)
	at org.gmock.internal.InternalMockController.doInternal(InternalMockController.groovy:185)
	at org.gmock.internal.InternalMockController$doInternal.callCurrent(Unknown Source)
	at org.codehaus.groovy.runtime.callsite.CallSiteArray.defaultCallCurrent(CallSiteArray.java:44)
	at org.gmock.internal.InternalMockController$doInternal.callCurrent(Unknown Source)
	at org.gmock.internal.InternalMockController.doInternal(InternalMockController.groovy:178)
	at org.gmock.internal.metaclass.MockProxyMetaClass.getProperty(MockProxyMetaClass.java:61)
	at org.gmock.internal.metaclass.MockProxyMetaClass.getProperty(MockProxyMetaClass.java:57)
	at org.codehaus.groovy.runtime.callsite.PogoMetaClassGetPropertySite.getProperty(PogoMetaClassGetPropertySite.java:48)
	at org.codehaus.groovy.runtime.callsite.AbstractCallSite.callGetProperty(AbstractCallSite.java:235)
	at myevolution.Behaviours$__clinit__closure2.doCall(Behaviours.groovy:28)
	at sun.reflect.NativeMethodAccessorImpl.invoke0(Native Method)
	at sun.reflect.NativeMethodAccessorImpl.invoke(NativeMethodAccessorImpl.java:39)
	at sun.reflect.DelegatingMethodAccessorImpl.invoke(DelegatingMethodAccessorImpl.java:25)
	at java.lang.reflect.Method.invoke(Method.java:597)
	at org.codehaus.groovy.reflection.CachedMethod.invoke(CachedMethod.java:88)
	at groovy.lang.MetaMethod.doMethodInvoke(MetaMethod.java:233)
	at org.codehaus.groovy.runtime.metaclass.ClosureMetaClass.invokeMethod(ClosureMetaClass.java:273)
	at groovy.lang.MetaClassImpl.invokeStaticClosureProperty(MetaClassImpl.java:1349)
	at groovy.lang.MetaClassImpl.invokeStaticMethod(MetaClassImpl.java:1312)
	at org.codehaus.groovy.runtime.callsite.StaticMetaClassSite.call(StaticMetaClassSite.java:50)
	at org.codehaus.groovy.runtime.callsite.CallSiteArray.defaultCall(CallSiteArray.java:40)
	at org.codehaus.groovy.runtime.callsite.AbstractCallSite.call(AbstractCallSite.java:116)
	at org.codehaus.groovy.runtime.callsite.AbstractCallSite.call(AbstractCallSite.java:132)
	at myevolution.behaviours.RandomMoveTests$_test_randomMove_blocked_collisions_closure9.doCall(RandomMoveTests.groovy:143)
	at sun.reflect.NativeMethodAccessorImpl.invoke0(Native Method)
	at sun.reflect.NativeMethodAccessorImpl.invoke(NativeMethodAccessorImpl.java:39)
	at sun.reflect.DelegatingMethodAccessorImpl.invoke(DelegatingMethodAccessorImpl.java:25)
	at java.lang.reflect.Method.invoke(Method.java:597)
	at org.codehaus.groovy.reflection.CachedMethod.invoke(CachedMethod.java:88)
	at groovy.lang.MetaMethod.doMethodInvoke(MetaMethod.java:233)
	at org.codehaus.groovy.runtime.metaclass.ClosureMetaClass.invokeMethod(ClosureMetaClass.java:273)
	at groovy.lang.MetaClassImpl.invokeMethod(MetaClassImpl.java:886)
	at org.codehaus.groovy.runtime.callsite.PogoMetaClassSite.callCurrent(PogoMetaClassSite.java:66)
	at org.codehaus.groovy.runtime.callsite.CallSiteArray.defaultCallCurrent(CallSiteArray.java:44)
	at org.codehaus.groovy.runtime.callsite.AbstractCallSite.callCurrent(AbstractCallSite.java:141)
	at org.codehaus.groovy.runtime.callsite.AbstractCallSite.callCurrent(AbstractCallSite.java:149)
	at myevolution.behaviours.RandomMoveTests$_test_randomMove_blocked_collisions_closure9.doCall(RandomMoveTests.groovy)
	at sun.reflect.NativeMethodAccessorImpl.invoke0(Native Method)
	at sun.reflect.NativeMethodAccessorImpl.invoke(NativeMethodAccessorImpl.java:39)
	at sun.reflect.DelegatingMethodAccessorImpl.invoke(DelegatingMethodAccessorImpl.java:25)
	at java.lang.reflect.Method.invoke(Method.java:597)
	at org.codehaus.groovy.reflection.CachedMethod.invoke(CachedMethod.java:88)
	at groovy.lang.MetaMethod.doMethodInvoke(MetaMethod.java:233)
	at org.codehaus.groovy.runtime.metaclass.ClosureMetaClass.invokeMethod(ClosureMetaClass.java:273)
	at groovy.lang.MetaClassImpl.invokeMethod(MetaClassImpl.java:886)
	at org.codehaus.groovy.runtime.callsite.PogoMetaClassSite.call(PogoMetaClassSite.java:39)
	at org.codehaus.groovy.runtime.callsite.CallSiteArray.defaultCall(CallSiteArray.java:40)
	at org.codehaus.groovy.runtime.callsite.PogoMetaClassSite.call(PogoMetaClassSite.java:54)
	at org.codehaus.groovy.runtime.callsite.AbstractCallSite.call(AbstractCallSite.java:120)
	at org.gmock.internal.InternalMockController.play(InternalMockController.groovy:120)
	at org.gmock.internal.InternalMockController$play.call(Unknown Source)
	at org.codehaus.groovy.runtime.callsite.CallSiteArray.defaultCall(CallSiteArray.java:40)
	at org.gmock.internal.InternalMockController$play.call(Unknown Source)
	at org.gmock.GMockController.play(GMockController.groovy:29)
	at org.gmock.GMockController$play.call(Unknown Source)
	at org.codehaus.groovy.runtime.callsite.CallSiteArray.defaultCall(CallSiteArray.java:40)
	at org.gmock.GMockController$play.call(Unknown Source)
	at myevolution.behaviours.RandomMoveTests.play(RandomMoveTests.groovy)
	at sun.reflect.NativeMethodAccessorImpl.invoke0(Native Method)
	at sun.reflect.NativeMethodAccessorImpl.invoke(NativeMethodAccessorImpl.java:39)
	at sun.reflect.DelegatingMethodAccessorImpl.invoke(DelegatingMethodAccessorImpl.java:25)
	at java.lang.reflect.Method.invoke(Method.java:597)
	at org.codehaus.groovy.runtime.callsite.PogoMetaMethodSite$PogoCachedMethodSiteNoUnwrapNoCoerce.invoke(PogoMetaMethodSite.java:266)
	at org.codehaus.groovy.runtime.callsite.PogoMetaMethodSite.callCurrent(PogoMetaMethodSite.java:51)
	at org.codehaus.groovy.runtime.callsite.CallSiteArray.defaultCallCurrent(CallSiteArray.java:44)
	at org.codehaus.groovy.runtime.callsite.AbstractCallSite.callCurrent(AbstractCallSite.java:141)
	at org.codehaus.groovy.runtime.callsite.AbstractCallSite.callCurrent(AbstractCallSite.java:149)
	at myevolution.behaviours.RandomMoveTests.test_randomMove_blocked_collisions(RandomMoveTests.groovy:142)
	at sun.reflect.NativeMethodAccessorImpl.invoke0(Native Method)
	at sun.reflect.NativeMethodAccessorImpl.invoke(NativeMethodAccessorImpl.java:39)
	at sun.reflect.DelegatingMethodAccessorImpl.invoke(DelegatingMethodAccessorImpl.java:25)
	at java.lang.reflect.Method.invoke(Method.java:597)
	at junit.framework.TestCase.runTest(TestCase.java:168)
	at junit.framework.TestCase.runBare(TestCase.java:134)
	at junit.framework.TestResult$1.protect(TestResult.java:110)
	at junit.framework.TestResult.runProtected(TestResult.java:128)
	at junit.framework.TestResult.run(TestResult.java:113)
	at junit.framework.TestCase.run(TestCase.java:124)
	at junit.framework.TestSuite.runTest(TestSuite.java:232)
	at junit.framework.TestSuite.run(TestSuite.java:227)
	at org.gradle.api.internal.tasks.testing.junit.JUnitTestClassExecuter.execute(JUnitTestClassExecuter.java:51)
	at org.gradle.api.internal.tasks.testing.junit.JUnitTestClassProcessor.processTestClass(JUnitTestClassProcessor.java:63)
	at org.gradle.api.internal.tasks.testing.SuiteTestClassProcessor.processTestClass(SuiteTestClassProcessor.java:49)
	at sun.reflect.NativeMethodAccessorImpl.invoke0(Native Method)
	at sun.reflect.NativeMethodAccessorImpl.invoke(NativeMethodAccessorImpl.java:39)
	at sun.reflect.DelegatingMethodAccessorImpl.invoke(DelegatingMethodAccessorImpl.java:25)
	at java.lang.reflect.Method.invoke(Method.java:597)
	at org.gradle.messaging.dispatch.ReflectionDispatch.dispatch(ReflectionDispatch.java:32)
	at org.gradle.messaging.dispatch.ReflectionDispatch.dispatch(ReflectionDispatch.java:23)
	at org.gradle.messaging.dispatch.ContextClassLoaderDispatch.dispatch(ContextClassLoaderDispatch.java:32)
	at org.gradle.messaging.dispatch.ProxyDispatchAdapter$DispatchingInvocationHandler.invoke(ProxyDispatchAdapter.java:75)
	at $Proxy4.processTestClass(Unknown Source)
	at org.gradle.api.internal.tasks.testing.worker.TestWorker.processTestClass(TestWorker.java:86)
	at sun.reflect.NativeMethodAccessorImpl.invoke0(Native Method)
	at sun.reflect.NativeMethodAccessorImpl.invoke(NativeMethodAccessorImpl.java:39)
	at sun.reflect.DelegatingMethodAccessorImpl.invoke(DelegatingMethodAccessorImpl.java:25)
	at java.lang.reflect.Method.invoke(Method.java:597)
	at org.gradle.messaging.dispatch.ReflectionDispatch.dispatch(ReflectionDispatch.java:32)
	at org.gradle.messaging.dispatch.ReflectionDispatch.dispatch(ReflectionDispatch.java:23)
	at org.gradle.messaging.remote.internal.MethodInvocationUnmarshallingDispatch.dispatch(MethodInvocationUnmarshallingDispatch.java:48)
	at org.gradle.messaging.dispatch.DiscardOnFailureDispatch.dispatch(DiscardOnFailureDispatch.java:31)
	at org.gradle.messaging.dispatch.AsyncDispatch.dispatchMessages(AsyncDispatch.java:131)
	at org.gradle.messaging.dispatch.AsyncDispatch.access$000(AsyncDispatch.java:35)
	at org.gradle.messaging.dispatch.AsyncDispatch$1.run(AsyncDispatch.java:71)
	at org.gradle.messaging.concurrent.DefaultExecutorFactory$StoppableExecutorImpl$1.run(DefaultExecutorFactory.java:63)
	at java.util.concurrent.ThreadPoolExecutor$Worker.runTask(ThreadPoolExecutor.java:886)
	at java.util.concurrent.ThreadPoolExecutor$Worker.run(ThreadPoolExecutor.java:908)
	at java.lang.Thread.run(Thread.java:637)
</failure>
  </testcase>
  <system-out><![CDATA[]]></system-out>
  <system-err><![CDATA[]]></system-err>
</testsuite>
